<?xml version="1.0" encoding="UTF-8"?>
<testng-results ignored="0" total="2" passed="2" failed="0" skipped="0">
  <reporter-output>
  </reporter-output>
  <suite started-at="2023-09-26T09:30:37 IST" name="Suite" finished-at="2023-09-26T09:31:50 IST" duration-ms="73121">
    <groups>
    </groups>
    <test started-at="2023-09-26T09:30:37 IST" name="Test" finished-at="2023-09-26T09:31:22 IST" duration-ms="45296">
      <class name="SalesforceTC001">
        <test-method is-config="true" signature="Url(java.lang.String,java.lang.String,java.lang.String)[pri:0, instance:SalesforceTC001@534a5a98]" started-at="2023-09-26T09:30:38 IST" name="Url" finished-at="2023-09-26T09:30:52 IST" duration-ms="13438" status="PASS">
          <params>
            <param index="0">
              <value>
                <![CDATA[https://login.salesforce.com/]]>
              </value>
            </param>
            <param index="1">
              <value>
                <![CDATA[hari.radhakrishnan@qeagle.com]]>
              </value>
            </param>
            <param index="2">
              <value>
                <![CDATA[Leaf$1234]]>
              </value>
            </param>
          </params>
          <reporter-output>
          </reporter-output>
        </test-method> <!-- Url -->
        <test-method signature="Salesforce(java.lang.String,java.lang.String)[pri:0, instance:SalesforceTC001@534a5a98]" started-at="2023-09-26T09:30:52 IST" name="Salesforce" data-provider="Excelsenddata" finished-at="2023-09-26T09:31:22 IST" duration-ms="30374" status="PASS">
          <params>
            <param index="0">
              <value>
                <![CDATA[This is one of the most basic salesforce ]]>
              </value>
            </param>
            <param index="1">
              <value>
                <![CDATA[Salesforce is a cloud-based software company that provides businesses with tools that help them find more prospects, close more deals, and provide a higher level of service to their customers]]>
              </value>
            </param>
          </params>
          <reporter-output>
          </reporter-output>
        </test-method> <!-- Salesforce -->
        <test-method is-config="true" signature="closedriver()[pri:0, instance:SalesforceTC001@534a5a98]" started-at="2023-09-26T09:31:22 IST" name="closedriver" finished-at="2023-09-26T09:31:22 IST" duration-ms="1" status="PASS">
          <reporter-output>
          </reporter-output>
        </test-method> <!-- closedriver -->
      </class> <!-- SalesforceTC001 -->
    </test> <!-- Test -->
    <test started-at="2023-09-26T09:31:22 IST" name="Test1" finished-at="2023-09-26T09:31:50 IST" duration-ms="27719">
      <class name="SalesforceTC002">
        <test-method is-config="true" signature="Url(java.lang.String,java.lang.String,java.lang.String)[pri:0, instance:SalesforceTC002@75437611]" started-at="2023-09-26T09:31:22 IST" name="Url" finished-at="2023-09-26T09:31:35 IST" duration-ms="12969" status="PASS">
          <params>
            <param index="0">
              <value>
                <![CDATA[https://login.salesforce.com/]]>
              </value>
            </param>
            <param index="1">
              <value>
                <![CDATA[hari.radhakrishnan@qeagle.com]]>
              </value>
            </param>
            <param index="2">
              <value>
                <![CDATA[Leaf$1234]]>
              </value>
            </param>
          </params>
          <reporter-output>
          </reporter-output>
        </test-method> <!-- Url -->
        <test-method signature="Salesforce(java.lang.String,java.lang.String)[pri:0, instance:SalesforceTC002@75437611]" started-at="2023-09-26T09:31:35 IST" name="Salesforce" data-provider="Excelsenddata" finished-at="2023-09-26T09:31:50 IST" duration-ms="14700" status="PASS">
          <params>
            <param index="0">
              <value>
                <![CDATA[This is one of the most basic salesforce ]]>
              </value>
            </param>
            <param index="1">
              <value>
                <![CDATA[Salesforce is a cloud-based software company that provides businesses with tools that help them find more prospects, close more deals, and provide a higher level of service to their customers]]>
              </value>
            </param>
          </params>
          <reporter-output>
          </reporter-output>
        </test-method> <!-- Salesforce -->
        <test-method is-config="true" signature="closedriver()[pri:0, instance:SalesforceTC002@75437611]" started-at="2023-09-26T09:31:50 IST" name="closedriver" finished-at="2023-09-26T09:31:50 IST" duration-ms="0" status="PASS">
          <reporter-output>
          </reporter-output>
        </test-method> <!-- closedriver -->
      </class> <!-- SalesforceTC002 -->
    </test> <!-- Test1 -->
  </suite> <!-- Suite -->
</testng-results>
